2022-12-18 06:22:26.2430000 [client] INFO Writing client log to file /Users/abhay/Code/Hask/hask-logs.log
2022-12-18 06:22:26.2430000 [client] INFO Finding haskell-language-server
2022-12-18 06:22:27.3890000 [client] INFO Searching for server executables haskell-language-server-wrapper,haskell-language-server in $PATH
2022-12-18 06:22:27.3890000 [client] INFO $PATH environment variable: /Users/abhay/.cabal/bin:/Users/abhay/.ghcup/bin:/Library/Frameworks/Python.framework/Versions/3.10/bin:/usr/local/bin:/usr/bin:/bin:/usr/sbin:/sbin:/Library/TeX/texbin:/Users/abhay/.cargo/bin
2022-12-18 06:22:27.3910000 [client] INFO Found server executable in $PATH: haskell-language-server-wrapper
2022-12-18 06:22:27.3920000 [client] INFO Activating the language server in working dir: /Users/abhay/Code/Hask (the workspace folder)
2022-12-18 06:22:27.3960000 [client] INFO run command: haskell-language-server-wrapper --lsp -l ~/Code/Hask/hask-logs.log
2022-12-18 06:22:27.3960000 [client] INFO debug command: haskell-language-server-wrapper --lsp -l ~/Code/Hask/hask-logs.log
2022-12-18 06:22:27.3960000 [client] INFO server environment variables:
2022-12-18 06:22:27.4010000 [client] INFO Starting language server
2022-12-18 13:51:48.5290000 [client] INFO Writing client log to file /Users/abhay/Code/Hask/hask-logs.log
2022-12-18 13:51:48.5300000 [client] INFO Finding haskell-language-server
2022-12-18 13:51:49.9800000 [client] INFO Searching for server executables haskell-language-server-wrapper,haskell-language-server in $PATH
2022-12-18 13:51:49.9810000 [client] INFO $PATH environment variable: /Users/abhay/.cabal/bin:/Users/abhay/.ghcup/bin:/Library/Frameworks/Python.framework/Versions/3.10/bin:/usr/local/bin:/usr/bin:/bin:/usr/sbin:/sbin:/Library/TeX/texbin:/Users/abhay/.cargo/bin
2022-12-18 13:51:49.9820000 [client] INFO Found server executable in $PATH: haskell-language-server-wrapper
2022-12-18 13:51:49.9840000 [client] INFO Activating the language server in working dir: /Users/abhay/Code/Hask (the workspace folder)
2022-12-18 13:51:49.9870000 [client] INFO run command: haskell-language-server-wrapper --lsp -l ~/Code/Hask/hask-logs.log
2022-12-18 13:51:49.9870000 [client] INFO debug command: haskell-language-server-wrapper --lsp -l ~/Code/Hask/hask-logs.log
2022-12-18 13:51:49.9870000 [client] INFO server environment variables:
2022-12-18 13:51:49.9920000 [client] INFO Starting language server
2022-12-28 12:02:02.5260000 [client] INFO Writing client log to file /Users/abhay/Code/Hask/hask-logs.log
2022-12-28 12:02:02.5270000 [client] INFO Finding haskell-language-server
2022-12-28 12:02:04.0590000 [client] INFO Searching for server executables haskell-language-server-wrapper,haskell-language-server in $PATH
2022-12-28 12:02:04.0590000 [client] INFO $PATH environment variable: /Users/abhay/.cabal/bin:/Users/abhay/.ghcup/bin:/Users/abhay/.cargo/bin:/usr/local/bin:/usr/bin:/bin:/usr/sbin:/sbin:/Library/TeX/texbin
2022-12-28 12:02:04.0610000 [client] INFO Found server executable in $PATH: haskell-language-server-wrapper
2022-12-28 12:02:04.0630000 [client] INFO Activating the language server in working dir: /Users/abhay/Code/Hask (the workspace folder)
2022-12-28 12:02:04.0660000 [client] INFO run command: haskell-language-server-wrapper --lsp -l ~/Code/Hask/hask-logs.log
2022-12-28 12:02:04.0660000 [client] INFO debug command: haskell-language-server-wrapper --lsp -l ~/Code/Hask/hask-logs.log
2022-12-28 12:02:04.0660000 [client] INFO server environment variables:
2022-12-28 12:02:04.0710000 [client] INFO Starting language server
2022-12-31 05:12:26.6260000 [client] INFO Writing client log to file /Users/abhay/Code/Hask/hask-logs.log
2022-12-31 05:12:26.6270000 [client] INFO Finding haskell-language-server
2022-12-31 05:12:28.0910000 [client] INFO Searching for server executables haskell-language-server-wrapper,haskell-language-server in $PATH
2022-12-31 05:12:28.0910000 [client] INFO $PATH environment variable: /Users/abhay/.cabal/bin:/Users/abhay/.ghcup/bin:/Library/Frameworks/Python.framework/Versions/3.10/bin:/usr/local/bin:/usr/bin:/bin:/usr/sbin:/sbin:/Library/TeX/texbin:/Users/abhay/.cargo/bin
2022-12-31 05:12:28.0940000 [client] INFO Found server executable in $PATH: haskell-language-server-wrapper
2022-12-31 05:12:28.0950000 [client] INFO Activating the language server in working dir: /Users/abhay/Code/Hask (the workspace folder)
2022-12-31 05:12:28.0980000 [client] INFO run command: haskell-language-server-wrapper --lsp -l ~/Code/Hask/hask-logs.log
2022-12-31 05:12:28.0980000 [client] INFO debug command: haskell-language-server-wrapper --lsp -l ~/Code/Hask/hask-logs.log
2022-12-31 05:12:28.0990000 [client] INFO server environment variables:
2022-12-31 05:12:28.1010000 [client] INFO Starting language server
